<?xml version="1.0" encoding="UTF-8" ?>
<testsuite tests="0" failures="0" name="br.com.likwi.gRPC.client.BankClientTest" time="0" errors="0" skipped="0">
  <properties>
    <property name="java.vendor" value="AdoptOpenJDK"/>
    <property name="sun.java.launcher" value="SUN_STANDARD"/>
    <property name="os.name" value="Mac OS X"/>
    <property name="java.vm.specification.vendor" value="Oracle Corporation"/>
    <property name="java.runtime.version" value="16.0.1+9"/>
    <property name="user.name" value="renatofagalde"/>
    <property name="java.compiler" value="j9jit29"/>
    <property name="os.encoding" value="UTF-8"/>
    <property name="guice.disable.misplaced.annotation.check" value="true"/>
    <property name="com.ibm.util.extralibs.properties" value=""/>
    <property name="com.ibm.jcl.checkClassPath" value=""/>
    <property name="user.language" value="en"/>
    <property name="com.ibm.oti.vm.bootstrap.library.path" value="/Users/renatofagalde/.sdkman/candidates/java/16.0.1.j9-adpt/lib/default:/Users/renatofagalde/.sdkman/candidates/java/16.0.1.j9-adpt/lib"/>
    <property name="sun.boot.library.path" value="/Users/renatofagalde/.sdkman/candidates/java/16.0.1.j9-adpt/lib/default:/Users/renatofagalde/.sdkman/candidates/java/16.0.1.j9-adpt/lib"/>
    <property name="classworlds.conf" value="/Users/renatofagalde/apache-maven-3.6.2/bin/m2.conf"/>
    <property name="jdk.extensions.version" value="16.0.1.0"/>
    <property name="java.version" value="16.0.1"/>
    <property name="user.timezone" value="America/Sao_Paulo"/>
    <property name="com.ibm.system.agent.path" value="/Users/renatofagalde/.sdkman/candidates/java/16.0.1.j9-adpt/lib"/>
    <property name="sun.arch.data.model" value="64"/>
    <property name="com.ibm.oti.vm.library.version" value="29"/>
    <property name="sun.jnu.encoding" value="UTF-8"/>
    <property name="file.encoding.pkg" value="sun.io"/>
    <property name="file.separator" value="/"/>
    <property name="java.specification.name" value="Java Platform API Specification"/>
    <property name="maven.conf" value="/Users/renatofagalde/apache-maven-3.6.2/conf"/>
    <property name="java.class.version" value="60.0"/>
    <property name="user.country" value="US"/>
    <property name="java.home" value="/Users/renatofagalde/.sdkman/candidates/java/16.0.1.j9-adpt"/>
    <property name="java.vm.info" value="JRE 16 Mac OS X amd64-64-Bit Compressed References 20210421_24 (JIT enabled, AOT enabled)
OpenJ9   - b4cc246d9
OMR      - 162e6f729
JCL      - cea22090ecf based on jdk-16.0.1+9"/>
    <property name="os.version" value="10.16"/>
    <property name="jdk.boot.class.path.append" value=""/>
    <property name="sun.nio.MaxDirectMemorySize" value="3758096384"/>
    <property name="path.separator" value=":"/>
    <property name="java.vm.version" value="openj9-0.26.0"/>
    <property name="user.variant" value=""/>
    <property name="java.awt.printerjob" value="sun.lwawt.macosx.CPrinterJob"/>
    <property name="jdk.extensions.name" value="Extensions for OpenJDK for Eclipse OpenJ9"/>
    <property name="sun.io.unicode.encoding" value="UnicodeLittle"/>
    <property name="sun.nio.PageAlignDirectMemory" value="false"/>
    <property name="os.detected.version" value="10.16"/>
    <property name="awt.toolkit" value="sun.lwawt.macosx.LWCToolkit"/>
    <property name="ibm.signalhandling.sigint" value="true"/>
    <property name="user.home" value="/Users/renatofagalde"/>
    <property name="com.ibm.cpu.endian" value="little"/>
    <property name="java.version.date" value="2021-04-20"/>
    <property name="java.specification.vendor" value="Oracle Corporation"/>
    <property name="ibm.signalhandling.sigchain" value="true"/>
    <property name="java.library.path" value="/Users/renatofagalde/.sdkman/candidates/java/16.0.1.j9-adpt/lib/default:/Users/renatofagalde/.sdkman/candidates/java/16.0.1.j9-adpt/lib:/usr/lib"/>
    <property name="java.vendor.url" value="https://adoptopenjdk.net/"/>
    <property name="java.vm.vendor" value="Eclipse OpenJ9"/>
    <property name="java.fullversion" value="16.0.1+9
JRE 16 Mac OS X amd64-64-Bit Compressed References 20210421_24 (JIT enabled, AOT enabled)
OpenJ9   - b4cc246d9
OMR      - 162e6f729
JCL      - cea22090ecf based on jdk-16.0.1+9"/>
    <property name="maven.home" value="/Users/renatofagalde/apache-maven-3.6.2"/>
    <property name="java.runtime.name" value="OpenJDK Runtime Environment"/>
    <property name="sun.java.command" value="org.codehaus.plexus.classworlds.launcher.Launcher clean install"/>
    <property name="java.class.path" value="/Users/renatofagalde/apache-maven-3.6.2/boot/plexus-classworlds-2.6.0.jar"/>
    <property name="os.detected.arch" value="x86_64"/>
    <property name="java.vm.specification.name" value="Java Virtual Machine Specification"/>
    <property name="java.vm.specification.version" value="16"/>
    <property name="sun.cpu.endian" value="little"/>
    <property name="os.detected.classifier" value="osx-x86_64"/>
    <property name="java.io.tmpdir" value="/var/folders/w2/17vqdphj7gn7lp4vxjvq8q1w0000gn/T/"/>
    <property name="java.vendor.url.bug" value="https://github.com/AdoptOpenJDK/openjdk-support/issues"/>
    <property name="maven.multiModuleProjectDirectory" value="/Users/renatofagalde/Documents/programacao/desenvolvimento/workspace_intellij/Microservices gRPC"/>
    <property name="ibm.system.encoding" value="UTF-8"/>
    <property name="os.arch" value="x86_64"/>
    <property name="java.awt.graphicsenv" value="sun.awt.CGraphicsEnvironment"/>
    <property name="ibm.signalhandling.rs" value="false"/>
    <property name="user.dir" value="/Users/renatofagalde/Documents/programacao/desenvolvimento/workspace_intellij/Microservices gRPC"/>
    <property name="line.separator" value="
"/>
    <property name="java.vm.name" value="Eclipse OpenJ9 VM"/>
    <property name="com.ibm.oti.shared.enabled" value="false"/>
    <property name="os.detected.version.major" value="10"/>
    <property name="com.ibm.vm.bitmode" value="64"/>
    <property name="file.encoding" value="UTF-8"/>
    <property name="os.detected.name" value="osx"/>
    <property name="os.detected.version.minor" value="16"/>
    <property name="java.specification.version" value="16"/>
    <property name="com.ibm.oti.configuration" value="scar"/>
    <property name="java.vendor.version" value="AdoptOpenJDK-16.0.1+9"/>
  </properties>
</testsuite>